** Warning: (vlib-34) Library already exists at "modelsim_lib/work".
** Warning: (vlib-34) Library already exists at "modelsim_lib/msim".
** Warning: (vlib-34) Library already exists at "modelsim_lib/msim/xil_defaultlib".
Model Technology ModelSim SE-64 vmap 10.6c Lib Mapping Utility 2017.07 Jul 25 2017
vmap xil_defaultlib modelsim_lib/msim/xil_defaultlib 
Modifying modelsim.ini
Model Technology ModelSim SE-64 vcom 10.6c Compiler 2017.07 Jul 25 2017
Start time: 21:39:42 on Nov 21,2023
vcom -64 -93 -work xil_defaultlib ../../../../tut_vhdlcomb01_a4.srcs/sources_1/imports/hdl/module.vhd ../../../../tut_vhdlcomb01_a4.srcs/sim_1/imports/hdl/tb_module.vhd 
-- Loading package STANDARD
-- Loading package TEXTIO
-- Loading package std_logic_1164
-- Compiling entity MODULE
-- Compiling architecture BEHAV of MODULE
-- Compiling entity TB_MODULE
-- Compiling architecture TESTBENCH of TB_MODULE
End time: 21:39:42 on Nov 21,2023, Elapsed time: 0:00:00
Errors: 0, Warnings: 0
** Warning: (vlib-34) Library already exists at "modelsim_lib/work".
** Warning: (vlib-34) Library already exists at "modelsim_lib/msim".
** Warning: (vlib-34) Library already exists at "modelsim_lib/msim/xil_defaultlib".
Model Technology ModelSim SE-64 vmap 10.6c Lib Mapping Utility 2017.07 Jul 25 2017
vmap xil_defaultlib modelsim_lib/msim/xil_defaultlib 
Modifying modelsim.ini
Model Technology ModelSim SE-64 vcom 10.6c Compiler 2017.07 Jul 25 2017
Start time: 21:40:28 on Nov 21,2023
vcom -64 -93 -work xil_defaultlib ../../../../tut_vhdlcomb01_a4.srcs/sources_1/imports/hdl/module.vhd ../../../../tut_vhdlcomb01_a4.srcs/sim_1/imports/hdl/tb_module.vhd 
-- Loading package STANDARD
-- Loading package TEXTIO
-- Loading package std_logic_1164
-- Compiling entity MODULE
-- Compiling architecture BEHAV of MODULE
-- Compiling entity TB_MODULE
-- Compiling architecture TESTBENCH of TB_MODULE
End time: 21:40:28 on Nov 21,2023, Elapsed time: 0:00:00
Errors: 0, Warnings: 0
** Warning: (vlib-34) Library already exists at "modelsim_lib/work".
** Warning: (vlib-34) Library already exists at "modelsim_lib/msim".
** Warning: (vlib-34) Library already exists at "modelsim_lib/msim/xil_defaultlib".
Model Technology ModelSim SE-64 vmap 10.6c Lib Mapping Utility 2017.07 Jul 25 2017
vmap xil_defaultlib modelsim_lib/msim/xil_defaultlib 
Modifying modelsim.ini
Model Technology ModelSim SE-64 vcom 10.6c Compiler 2017.07 Jul 25 2017
Start time: 21:41:17 on Nov 21,2023
vcom -64 -93 -work xil_defaultlib ../../../../tut_vhdlcomb01_a4.srcs/sources_1/imports/hdl/module.vhd ../../../../tut_vhdlcomb01_a4.srcs/sim_1/imports/hdl/tb_module.vhd 
-- Loading package STANDARD
-- Loading package TEXTIO
-- Loading package std_logic_1164
-- Compiling entity MODULE
-- Compiling architecture BEHAV of MODULE
-- Compiling entity TB_MODULE
-- Compiling architecture TESTBENCH of TB_MODULE
End time: 21:41:17 on Nov 21,2023, Elapsed time: 0:00:00
Errors: 0, Warnings: 0
** Warning: (vlib-34) Library already exists at "modelsim_lib/work".
** Warning: (vlib-34) Library already exists at "modelsim_lib/msim".
** Warning: (vlib-34) Library already exists at "modelsim_lib/msim/xil_defaultlib".
Model Technology ModelSim SE-64 vmap 10.6c Lib Mapping Utility 2017.07 Jul 25 2017
vmap xil_defaultlib modelsim_lib/msim/xil_defaultlib 
Modifying modelsim.ini
Model Technology ModelSim SE-64 vcom 10.6c Compiler 2017.07 Jul 25 2017
Start time: 21:41:31 on Nov 21,2023
vcom -64 -93 -work xil_defaultlib ../../../../tut_vhdlcomb01_a4.srcs/sources_1/imports/hdl/module.vhd ../../../../tut_vhdlcomb01_a4.srcs/sim_1/imports/hdl/tb_module.vhd 
-- Loading package STANDARD
-- Loading package TEXTIO
-- Loading package std_logic_1164
-- Compiling entity MODULE
-- Compiling architecture BEHAV of MODULE
-- Compiling entity TB_MODULE
-- Compiling architecture TESTBENCH of TB_MODULE
End time: 21:41:31 on Nov 21,2023, Elapsed time: 0:00:00
Errors: 0, Warnings: 0
** Warning: (vlib-34) Library already exists at "modelsim_lib/work".
** Warning: (vlib-34) Library already exists at "modelsim_lib/msim".
** Warning: (vlib-34) Library already exists at "modelsim_lib/msim/xil_defaultlib".
Model Technology ModelSim SE-64 vmap 10.6c Lib Mapping Utility 2017.07 Jul 25 2017
vmap xil_defaultlib modelsim_lib/msim/xil_defaultlib 
Modifying modelsim.ini
Model Technology ModelSim SE-64 vcom 10.6c Compiler 2017.07 Jul 25 2017
Start time: 21:45:09 on Nov 21,2023
vcom -64 -93 -work xil_defaultlib ../../../../tut_vhdlcomb01_a4.srcs/sources_1/imports/hdl/module.vhd ../../../../tut_vhdlcomb01_a4.srcs/sim_1/imports/hdl/tb_module.vhd 
-- Loading package STANDARD
-- Loading package TEXTIO
-- Loading package std_logic_1164
-- Compiling entity MODULE
-- Compiling architecture BEHAV of MODULE
-- Compiling entity TB_MODULE
-- Compiling architecture TESTBENCH of TB_MODULE
End time: 21:45:09 on Nov 21,2023, Elapsed time: 0:00:00
Errors: 0, Warnings: 0
** Warning: (vlib-34) Library already exists at "modelsim_lib/work".
** Warning: (vlib-34) Library already exists at "modelsim_lib/msim".
** Warning: (vlib-34) Library already exists at "modelsim_lib/msim/xil_defaultlib".
Model Technology ModelSim SE-64 vmap 10.6c Lib Mapping Utility 2017.07 Jul 25 2017
vmap xil_defaultlib modelsim_lib/msim/xil_defaultlib 
Modifying modelsim.ini
Model Technology ModelSim SE-64 vcom 10.6c Compiler 2017.07 Jul 25 2017
Start time: 21:46:36 on Nov 21,2023
vcom -64 -93 -work xil_defaultlib ../../../../tut_vhdlcomb01_a4.srcs/sources_1/imports/hdl/module.vhd ../../../../tut_vhdlcomb01_a4.srcs/sim_1/imports/hdl/tb_module.vhd 
-- Loading package STANDARD
-- Loading package TEXTIO
-- Loading package std_logic_1164
-- Compiling entity MODULE
-- Compiling architecture BEHAV of MODULE
-- Compiling entity TB_MODULE
-- Compiling architecture TESTBENCH of TB_MODULE
End time: 21:46:36 on Nov 21,2023, Elapsed time: 0:00:00
Errors: 0, Warnings: 0
