# //  ModelSim SE-64 10.6c Jul 25 2017Linux 4.13.0-36-generic
# //
# //  Copyright 1991-2017 Mentor Graphics Corporation
# //  All Rights Reserved.
# //
# //  ModelSim SE-64 and its associated documentation contain trade
# //  secrets and commercial or financial information that are the property of
# //  Mentor Graphics Corporation and are privileged, confidential,
# //  and exempt from disclosure under the Freedom of Information Act,
# //  5 U.S.C. Section 552. Furthermore, this information
# //  is prohibited from disclosure under the Trade Secrets Act,
# //  18 U.S.C. Section 1905.
# //
# do {TB_MODULE_simulate.do}
# vsim -voptargs=""+acc"" -L xil_defaultlib -L secureip -lib xil_defaultlib xil_defaultlib.TB_MODULE 
# Start time: 21:46:45 on Nov 21,2023
# ** Note: (vsim-8009) Loading existing optimized design _opt
# Loading std.standard
# Loading std.textio(body)
# Loading ieee.std_logic_1164(body)
# Loading work.tb_module(testbench)#1
# Loading work.module(behav)#1
# 1
# 1
# .main_pane.wave.interior.cs.body.pw.wf
# .main_pane.structure.interior.cs.body.struct
# .main_pane.objects.interior.cs.body.tree
add wave -position insertpoint  \
sim:/tb_module/DUT/a \
sim:/tb_module/DUT/y
# End time: 21:50:53 on Nov 21,2023, Elapsed time: 0:04:08
# Errors: 0, Warnings: 0
