Model Technology ModelSim SE-64 vmap 10.6c Lib Mapping Utility 2017.07 Jul 25 2017
vmap xil_defaultlib modelsim_lib/msim/xil_defaultlib 
Modifying modelsim.ini
Model Technology ModelSim SE-64 vcom 10.6c Compiler 2017.07 Jul 25 2017
Start time: 19:54:52 on Nov 20,2023
vcom -64 -93 -work xil_defaultlib ../../../../tut_vhdlcomb02_a3.srcs/sources_1/imports/imports/SwapEx02Ex03/sevenseg.vhd ../../../../tut_vhdlcomb02_a3.srcs/sources_1/imports/imports/hdl/module.vhd 
-- Loading package STANDARD
-- Loading package TEXTIO
-- Loading package std_logic_1164
-- Compiling entity sevenseg
-- Compiling architecture arch of sevenseg
-- Compiling entity module
-- Compiling architecture arch of module
End time: 19:54:52 on Nov 20,2023, Elapsed time: 0:00:00
Errors: 0, Warnings: 0
** Warning: (vlib-34) Library already exists at "modelsim_lib/work".
** Warning: (vlib-34) Library already exists at "modelsim_lib/msim".
** Warning: (vlib-34) Library already exists at "modelsim_lib/msim/xil_defaultlib".
Model Technology ModelSim SE-64 vmap 10.6c Lib Mapping Utility 2017.07 Jul 25 2017
vmap xil_defaultlib modelsim_lib/msim/xil_defaultlib 
Modifying modelsim.ini
Model Technology ModelSim SE-64 vcom 10.6c Compiler 2017.07 Jul 25 2017
Start time: 19:59:06 on Nov 20,2023
vcom -64 -93 -work xil_defaultlib ../../../../tut_vhdlcomb02_a3.srcs/sources_1/imports/imports/SwapEx02Ex03/sevenseg.vhd ../../../../tut_vhdlcomb02_a3.srcs/sources_1/imports/imports/hdl/module.vhd 
-- Loading package STANDARD
-- Loading package TEXTIO
-- Loading package std_logic_1164
-- Compiling entity sevenseg
-- Compiling architecture arch of sevenseg
-- Compiling entity module
-- Compiling architecture arch of module
** Error (suppressible): ../../../../tut_vhdlcomb02_a3.srcs/sources_1/imports/imports/hdl/module.vhd(23): (vcom-1272) Length of formal "btn" is 2; length of actual is 4.
** Error: ../../../../tut_vhdlcomb02_a3.srcs/sources_1/imports/imports/hdl/module.vhd(24): VHDL Compiler exiting
End time: 19:59:06 on Nov 20,2023, Elapsed time: 0:00:00
Errors: 2, Warnings: 0
** Warning: (vlib-34) Library already exists at "modelsim_lib/work".
** Warning: (vlib-34) Library already exists at "modelsim_lib/msim".
** Warning: (vlib-34) Library already exists at "modelsim_lib/msim/xil_defaultlib".
Model Technology ModelSim SE-64 vmap 10.6c Lib Mapping Utility 2017.07 Jul 25 2017
vmap xil_defaultlib modelsim_lib/msim/xil_defaultlib 
Modifying modelsim.ini
Model Technology ModelSim SE-64 vcom 10.6c Compiler 2017.07 Jul 25 2017
Start time: 20:35:29 on Nov 20,2023
vcom -64 -93 -work xil_defaultlib ../../../../tut_vhdlcomb02_a3.srcs/sources_1/imports/imports/SwapEx02Ex03/sevenseg.vhd ../../../../tut_vhdlcomb02_a3.srcs/sources_1/imports/imports/hdl/module.vhd 
-- Loading package STANDARD
-- Loading package TEXTIO
-- Loading package std_logic_1164
-- Compiling entity sevenseg
-- Compiling architecture arch of sevenseg
-- Compiling entity module
-- Compiling architecture arch of module
End time: 20:35:29 on Nov 20,2023, Elapsed time: 0:00:00
Errors: 0, Warnings: 0
** Warning: (vlib-34) Library already exists at "modelsim_lib/work".
** Warning: (vlib-34) Library already exists at "modelsim_lib/msim".
** Warning: (vlib-34) Library already exists at "modelsim_lib/msim/xil_defaultlib".
Model Technology ModelSim SE-64 vmap 10.6c Lib Mapping Utility 2017.07 Jul 25 2017
vmap xil_defaultlib modelsim_lib/msim/xil_defaultlib 
Modifying modelsim.ini
Model Technology ModelSim SE-64 vcom 10.6c Compiler 2017.07 Jul 25 2017
Start time: 20:35:38 on Nov 20,2023
vcom -64 -93 -work xil_defaultlib ../../../../tut_vhdlcomb02_a3.srcs/sources_1/imports/imports/SwapEx02Ex03/sevenseg.vhd ../../../../tut_vhdlcomb02_a3.srcs/sources_1/imports/imports/hdl/module.vhd 
-- Loading package STANDARD
-- Loading package TEXTIO
-- Loading package std_logic_1164
-- Compiling entity sevenseg
-- Compiling architecture arch of sevenseg
-- Compiling entity module
-- Compiling architecture arch of module
End time: 20:35:38 on Nov 20,2023, Elapsed time: 0:00:00
Errors: 0, Warnings: 0
