# //  ModelSim SE-64 10.6c Jul 25 2017Linux 4.13.0-36-generic
# //
# //  Copyright 1991-2017 Mentor Graphics Corporation
# //  All Rights Reserved.
# //
# //  ModelSim SE-64 and its associated documentation contain trade
# //  secrets and commercial or financial information that are the property of
# //  Mentor Graphics Corporation and are privileged, confidential,
# //  and exempt from disclosure under the Freedom of Information Act,
# //  5 U.S.C. Section 552. Furthermore, this information
# //  is prohibited from disclosure under the Trade Secrets Act,
# //  18 U.S.C. Section 1905.
# //
# do {module_simulate.do}
# vsim -voptargs=""+acc"" -L xil_defaultlib -L secureip -lib xil_defaultlib xil_defaultlib.module 
# Start time: 19:54:59 on Nov 20,2023
# ** Note: (vsim-3812) Design is being optimized...
# ** Error (suppressible): ../../../../tut_vhdlcomb02_a3.srcs/sources_1/imports/imports/hdl/module.vhd(23): (vopt-1270) Bad default binding for component instance "sevenseg_inst: sevenseg".
#  (Component port "bin" is not on the entity.)
# ** Warning: ../../../../tut_vhdlcomb02_a3.srcs/sources_1/imports/imports/hdl/module.vhd(23): (vopt-3473) Component instance "/module/sevenseg_inst : sevenseg" is not bound.
# Optimization failed
# Error loading design
# Error: Error loading design
#        Pausing macro execution
# MACRO ./module_simulate.do PAUSED at line 9
# End time: 20:05:17 on Nov 20,2023, Elapsed time: 0:10:18
# Errors: 1, Warnings: 1
