# //  ModelSim SE-64 10.6c Jul 25 2017Linux 4.13.0-36-generic
# //
# //  Copyright 1991-2017 Mentor Graphics Corporation
# //  All Rights Reserved.
# //
# //  ModelSim SE-64 and its associated documentation contain trade
# //  secrets and commercial or financial information that are the property of
# //  Mentor Graphics Corporation and are privileged, confidential,
# //  and exempt from disclosure under the Freedom of Information Act,
# //  5 U.S.C. Section 552. Furthermore, this information
# //  is prohibited from disclosure under the Trade Secrets Act,
# //  18 U.S.C. Section 1905.
# //
# do {TB_MODULE_simulate.do}
# vsim -voptargs=""+acc"" -L xil_defaultlib -L secureip -lib xil_defaultlib xil_defaultlib.TB_MODULE 
# Start time: 19:26:49 on Nov 20,2023
# ** Error: (vsim-7) Failed to open info file "/zwork/dd_/tut_vhdlcomb02_given/VHDLcomb02/VHDLcomb02.sim/sim_1/behav/modelsim/modelsim_lib/msim/xil_defaultlib/_info" in read mode.
# No such file or directory. (errno = ENOENT)
# ** Error: (vsim-7) Failed to open info file "/zwork/dd_/tut_vhdlcomb02_given/VHDLcomb02/VHDLcomb02.sim/sim_1/behav/modelsim/modelsim_lib/msim/xil_defaultlib/_info" in read mode.
# No such file or directory. (errno = ENOENT)
# ** Error: (vsim-7) Failed to open info file "/zwork/dd_/tut_vhdlcomb02_given/VHDLcomb02/VHDLcomb02.sim/sim_1/behav/modelsim/modelsim_lib/msim/xil_defaultlib/_info" in read mode.
# No such file or directory. (errno = ENOENT)
# ** Error: (vsim-7) Failed to open info file "/zwork/dd_/tut_vhdlcomb02_given/VHDLcomb02/VHDLcomb02.sim/sim_1/behav/modelsim/modelsim_lib/msim/xil_defaultlib/_info" in read mode.
# No such file or directory. (errno = ENOENT)
# ** Note: (vsim-3812) Design is being optimized...
# ** Error: (vsim-7) Failed to open info file "/zwork/dd_/tut_vhdlcomb02_given/VHDLcomb02/VHDLcomb02.sim/sim_1/behav/modelsim/modelsim_lib/msim/xil_defaultlib/_info" in read mode.
# No such file or directory. (errno = ENOENT)
# ** Fatal: Internal Error - vopt returned success but vsim could not find a design to simulate!. Please contact customer support for further assistance.
# Error loading design
# Error: Error loading design
#        Pausing macro execution
# MACRO ./TB_MODULE_simulate.do PAUSED at line 9
# End time: 19:27:17 on Nov 20,2023, Elapsed time: 0:00:28
# Errors: 6, Warnings: 0
