# //  ModelSim SE-64 10.6c Jul 25 2017Linux 4.13.0-36-generic
# //
# //  Copyright 1991-2017 Mentor Graphics Corporation
# //  All Rights Reserved.
# //
# //  ModelSim SE-64 and its associated documentation contain trade
# //  secrets and commercial or financial information that are the property of
# //  Mentor Graphics Corporation and are privileged, confidential,
# //  and exempt from disclosure under the Freedom of Information Act,
# //  5 U.S.C. Section 552. Furthermore, this information
# //  is prohibited from disclosure under the Trade Secrets Act,
# //  18 U.S.C. Section 1905.
# //
# do {testbench_simulate.do}
# vsim -voptargs=""+acc"" -L xil_defaultlib -L secureip -lib xil_defaultlib xil_defaultlib.testbench 
# Start time: 20:28:39 on Oct 17,2023
# ** Note: (vsim-3812) Design is being optimized...
# ** Error (suppressible): (vopt-19) Failed to access library 'secureip' at "secureip".
# No such file or directory. (errno = ENOENT)
# Error loading design
# Error: Error loading design
#        Pausing macro execution
# MACRO ./testbench_simulate.do PAUSED at line 9
# End time: 20:29:51 on Oct 17,2023, Elapsed time: 0:01:12
# Errors: 1, Warnings: 0
