Model Technology ModelSim SE-64 vmap 10.6c Lib Mapping Utility 2017.07 Jul 25 2017
vmap xil_defaultlib modelsim_lib/msim/xil_defaultlib 
Modifying modelsim.ini
Model Technology ModelSim SE-64 vcom 10.6c Compiler 2017.07 Jul 25 2017
Start time: 13:48:52 on Nov 04,2023
vcom -64 -93 -work xil_defaultlib ../../../../VHDLComb02_ex03.srcs/sim_1/imports/hdl/tb_module.vhd 
-- Loading package STANDARD
-- Loading package TEXTIO
-- Loading package std_logic_1164
-- Compiling entity TB_MODULE
-- Compiling architecture TESTBENCH of TB_MODULE
End time: 13:48:52 on Nov 04,2023, Elapsed time: 0:00:00
Errors: 0, Warnings: 0
** Warning: (vlib-34) Library already exists at "modelsim_lib/work".
** Warning: (vlib-34) Library already exists at "modelsim_lib/msim".
** Warning: (vlib-34) Library already exists at "modelsim_lib/msim/xil_defaultlib".
Model Technology ModelSim SE-64 vmap 10.6c Lib Mapping Utility 2017.07 Jul 25 2017
vmap xil_defaultlib modelsim_lib/msim/xil_defaultlib 
Modifying modelsim.ini
Model Technology ModelSim SE-64 vcom 10.6c Compiler 2017.07 Jul 25 2017
Start time: 13:53:05 on Nov 04,2023
vcom -64 -93 -work xil_defaultlib ../../../../VHDLComb02_ex03.srcs/sim_1/imports/hdl/tb_module.vhd 
-- Loading package STANDARD
-- Loading package TEXTIO
-- Loading package std_logic_1164
-- Compiling entity TB_MODULE
-- Compiling architecture TESTBENCH of TB_MODULE
End time: 13:53:05 on Nov 04,2023, Elapsed time: 0:00:00
Errors: 0, Warnings: 0
** Warning: (vlib-34) Library already exists at "modelsim_lib/work".
** Warning: (vlib-34) Library already exists at "modelsim_lib/msim".
** Warning: (vlib-34) Library already exists at "modelsim_lib/msim/xil_defaultlib".
Model Technology ModelSim SE-64 vmap 10.6c Lib Mapping Utility 2017.07 Jul 25 2017
vmap xil_defaultlib modelsim_lib/msim/xil_defaultlib 
Modifying modelsim.ini
Model Technology ModelSim SE-64 vcom 10.6c Compiler 2017.07 Jul 25 2017
Start time: 13:53:47 on Nov 04,2023
vcom -64 -93 -work xil_defaultlib ../../../../VHDLComb02_ex03.srcs/sim_1/imports/hdl/tb_module.vhd 
-- Loading package STANDARD
-- Loading package TEXTIO
-- Loading package std_logic_1164
-- Compiling entity TB_MODULE
-- Compiling architecture TESTBENCH of TB_MODULE
End time: 13:53:47 on Nov 04,2023, Elapsed time: 0:00:00
Errors: 0, Warnings: 0
** Warning: (vlib-34) Library already exists at "modelsim_lib/work".
** Warning: (vlib-34) Library already exists at "modelsim_lib/msim".
** Warning: (vlib-34) Library already exists at "modelsim_lib/msim/xil_defaultlib".
Model Technology ModelSim SE-64 vmap 10.6c Lib Mapping Utility 2017.07 Jul 25 2017
vmap xil_defaultlib modelsim_lib/msim/xil_defaultlib 
Modifying modelsim.ini
Model Technology ModelSim SE-64 vcom 10.6c Compiler 2017.07 Jul 25 2017
Start time: 13:58:41 on Nov 04,2023
vcom -64 -93 -work xil_defaultlib ../../../../VHDLComb02_ex03.srcs/sim_1/imports/hdl/tb_module.vhd 
-- Loading package STANDARD
-- Loading package TEXTIO
-- Loading package std_logic_1164
-- Compiling entity TB_MODULE
-- Compiling architecture TESTBENCH of TB_MODULE
End time: 13:58:41 on Nov 04,2023, Elapsed time: 0:00:00
Errors: 0, Warnings: 0
** Warning: (vlib-34) Library already exists at "modelsim_lib/work".
** Warning: (vlib-34) Library already exists at "modelsim_lib/msim".
** Warning: (vlib-34) Library already exists at "modelsim_lib/msim/xil_defaultlib".
Model Technology ModelSim SE-64 vmap 10.6c Lib Mapping Utility 2017.07 Jul 25 2017
vmap xil_defaultlib modelsim_lib/msim/xil_defaultlib 
Modifying modelsim.ini
Model Technology ModelSim SE-64 vcom 10.6c Compiler 2017.07 Jul 25 2017
Start time: 13:59:56 on Nov 04,2023
vcom -64 -93 -work xil_defaultlib ../../../../VHDLComb02_ex03.srcs/sim_1/imports/hdl/tb_module.vhd 
-- Loading package STANDARD
-- Loading package TEXTIO
-- Loading package std_logic_1164
-- Compiling entity TB_MODULE
-- Compiling architecture TESTBENCH of TB_MODULE
End time: 13:59:56 on Nov 04,2023, Elapsed time: 0:00:00
Errors: 0, Warnings: 0
** Warning: (vlib-34) Library already exists at "modelsim_lib/work".
** Warning: (vlib-34) Library already exists at "modelsim_lib/msim".
** Warning: (vlib-34) Library already exists at "modelsim_lib/msim/xil_defaultlib".
Model Technology ModelSim SE-64 vmap 10.6c Lib Mapping Utility 2017.07 Jul 25 2017
vmap xil_defaultlib modelsim_lib/msim/xil_defaultlib 
Modifying modelsim.ini
Model Technology ModelSim SE-64 vcom 10.6c Compiler 2017.07 Jul 25 2017
Start time: 19:24:16 on Nov 20,2023
vcom -64 -93 -work xil_defaultlib ../../../../VHDLComb02_ex03.srcs/sim_1/imports/hdl/tb_module.vhd 
-- Loading package STANDARD
-- Loading package TEXTIO
-- Loading package std_logic_1164
-- Compiling entity TB_MODULE
-- Compiling architecture TESTBENCH of TB_MODULE
End time: 19:24:16 on Nov 20,2023, Elapsed time: 0:00:00
Errors: 0, Warnings: 0
** Warning: (vlib-34) Library already exists at "modelsim_lib/work".
** Warning: (vlib-34) Library already exists at "modelsim_lib/msim".
** Warning: (vlib-34) Library already exists at "modelsim_lib/msim/xil_defaultlib".
Model Technology ModelSim SE-64 vmap 10.6c Lib Mapping Utility 2017.07 Jul 25 2017
vmap xil_defaultlib modelsim_lib/msim/xil_defaultlib 
Modifying modelsim.ini
Model Technology ModelSim SE-64 vcom 10.6c Compiler 2017.07 Jul 25 2017
Start time: 19:34:12 on Nov 20,2023
vcom -64 -93 -work xil_defaultlib ../../../../VHDLComb02_ex03.srcs/sim_1/imports/hdl/tb_module.vhd 
-- Loading package STANDARD
-- Loading package TEXTIO
-- Loading package std_logic_1164
-- Compiling entity TB_MODULE
-- Compiling architecture TESTBENCH of TB_MODULE
End time: 19:34:12 on Nov 20,2023, Elapsed time: 0:00:00
Errors: 0, Warnings: 0
** Warning: (vlib-34) Library already exists at "modelsim_lib/work".
** Warning: (vlib-34) Library already exists at "modelsim_lib/msim".
** Warning: (vlib-34) Library already exists at "modelsim_lib/msim/xil_defaultlib".
Model Technology ModelSim SE-64 vmap 10.6c Lib Mapping Utility 2017.07 Jul 25 2017
vmap xil_defaultlib modelsim_lib/msim/xil_defaultlib 
Modifying modelsim.ini
Model Technology ModelSim SE-64 vcom 10.6c Compiler 2017.07 Jul 25 2017
Start time: 19:47:11 on Nov 20,2023
vcom -64 -93 -work xil_defaultlib ../../../../VHDLComb02_ex03.srcs/sources_1/imports/hdl/module.vhd ../../../../VHDLComb02_ex03.srcs/sources_1/imports/SwapEx02Ex03/sevenseg.vhd ../../../../VHDLComb02_ex03.srcs/sim_1/imports/hdl/tb_module.vhd 
-- Loading package STANDARD
-- Loading package TEXTIO
-- Loading package std_logic_1164
-- Compiling entity module
-- Compiling architecture arch of module
-- Compiling entity sevenseg
-- Compiling architecture arch of sevenseg
-- Compiling entity TB_MODULE
-- Compiling architecture TESTBENCH of TB_MODULE
End time: 19:47:11 on Nov 20,2023, Elapsed time: 0:00:00
Errors: 0, Warnings: 0
** Warning: (vlib-34) Library already exists at "modelsim_lib/work".
** Warning: (vlib-34) Library already exists at "modelsim_lib/msim".
** Warning: (vlib-34) Library already exists at "modelsim_lib/msim/xil_defaultlib".
Model Technology ModelSim SE-64 vmap 10.6c Lib Mapping Utility 2017.07 Jul 25 2017
vmap xil_defaultlib modelsim_lib/msim/xil_defaultlib 
Modifying modelsim.ini
Model Technology ModelSim SE-64 vcom 10.6c Compiler 2017.07 Jul 25 2017
Start time: 19:49:00 on Nov 20,2023
vcom -64 -93 -work xil_defaultlib ../../../../VHDLComb02_ex03.srcs/sources_1/imports/hdl/module.vhd ../../../../VHDLComb02_ex03.srcs/sources_1/imports/SwapEx02Ex03/sevenseg.vhd ../../../../VHDLComb02_ex03.srcs/sim_1/imports/hdl/tb_module.vhd 
-- Loading package STANDARD
-- Loading package TEXTIO
-- Loading package std_logic_1164
-- Compiling entity module
-- Compiling architecture arch of module
-- Compiling entity sevenseg
-- Compiling architecture arch of sevenseg
-- Compiling entity TB_MODULE
-- Compiling architecture TESTBENCH of TB_MODULE
End time: 19:49:00 on Nov 20,2023, Elapsed time: 0:00:00
Errors: 0, Warnings: 0
