# //  ModelSim SE-64 10.6c Jul 25 2017Linux 4.13.0-36-generic
# //
# //  Copyright 1991-2017 Mentor Graphics Corporation
# //  All Rights Reserved.
# //
# //  ModelSim SE-64 and its associated documentation contain trade
# //  secrets and commercial or financial information that are the property of
# //  Mentor Graphics Corporation and are privileged, confidential,
# //  and exempt from disclosure under the Freedom of Information Act,
# //  5 U.S.C. Section 552. Furthermore, this information
# //  is prohibited from disclosure under the Trade Secrets Act,
# //  18 U.S.C. Section 1905.
# //
# do {TB_SEVENSEG_simulate.do}
# vsim -voptargs=""+acc"" -L xil_defaultlib -L secureip -lib xil_defaultlib xil_defaultlib.TB_SEVENSEG 
# Start time: 13:10:42 on Nov 04,2023
# ** Note: (vsim-3813) Design is being optimized due to module recompilation...
# Loading std.standard
# Loading std.textio(body)
# Loading ieee.std_logic_1164(body)
# Loading work.tb_sevenseg(testbench)#1
# Loading work.sevenseg(arch)#1
# 1
# 1
# .main_pane.wave.interior.cs.body.pw.wf
# .main_pane.structure.interior.cs.body.struct
# .main_pane.objects.interior.cs.body.tree
add wave -position insertpoint  \
sim:/tb_sevenseg/TB_bin \
sim:/tb_sevenseg/TB_segments
add wave -position insertpoint  \
sim:/tb_sevenseg/expTB_segments
run
run
# End time: 13:13:45 on Nov 04,2023, Elapsed time: 0:03:03
# Errors: 0, Warnings: 0
